<?xml version="1.0" encoding="UTF-8"?>
<!-- Generated by org.testng.reporters.JUnitXMLReporter -->
<testsuite ignored="0" hostname="DESKTOP-939FEI3" failures="1" tests="1" name="Test" time="17.357" errors="0" timestamp="2023-09-01T18:20:44 IST">
  <testcase classname="testpackage.deygalogintest" name="login" time="1.886">
    <failure type="org.openqa.selenium.ElementNotInteractableException" message="element not interactable
  (Session info: MicrosoftEdge=116.0.1938.62)
Build info: version: &amp;apos;4.10.0&amp;apos;, revision: &amp;apos;c14d967899&amp;apos;
System info: os.name: &amp;apos;Windows 10&amp;apos;, os.arch: &amp;apos;amd64&amp;apos;, os.version: &amp;apos;10.0&amp;apos;, java.version: &amp;apos;17.0.7&amp;apos;
Driver info: org.openqa.selenium.edge.EdgeDriver
Command: [f48fd24a4c87666a2129b1c2b831949b, clickElement {id=9D044BA6F322053323086CA675346A03_element_45}]
Capabilities {acceptInsecureCerts: false, browserName: msedge, browserVersion: 116.0.1938.62, fedcm:accounts: true, ms:edgeOptions: {debuggerAddress: localhost:53192}, msedge: {msedgedriverVersion: 116.0.1938.69 (62ef76ea75c4..., userDataDir: C:\Users\lenovo\AppData\Loc...}, networkConnectionEnabled: false, pageLoadStrategy: normal, platformName: windows, proxy: Proxy(), se:cdp: ws://localhost:53192/devtoo..., se:cdpVersion: 116.0.1938.62, setWindowRect: true, strictFileInteractability: false, timeouts: {implicit: 0, pageLoad: 300000, script: 30000}, unhandledPromptBehavior: dismiss and notify, webauthn:extension:credBlob: true, webauthn:extension:largeBlob: true, webauthn:extension:minPinLength: true, webauthn:extension:prf: true, webauthn:virtualAuthenticators: true}
Element: [[EdgeDriver: msedge on windows (f48fd24a4c87666a2129b1c2b831949b)] -&amp;gt; xpath: //*[@id=&amp;quot;Header__Wrapper&amp;quot;]/div[4]/nav/ul/li[1]/div[2]/ul/li[3]/a]
Session ID: f48fd24a4c87666a2129b1c2b831949b">
      <![CDATA[org.openqa.selenium.ElementNotInteractableException: element not interactable
  (Session info: MicrosoftEdge=116.0.1938.62)
Build info: version: '4.10.0', revision: 'c14d967899'
System info: os.name: 'Windows 10', os.arch: 'amd64', os.version: '10.0', java.version: '17.0.7'
Driver info: org.openqa.selenium.edge.EdgeDriver
Command: [f48fd24a4c87666a2129b1c2b831949b, clickElement {id=9D044BA6F322053323086CA675346A03_element_45}]
Capabilities {acceptInsecureCerts: false, browserName: msedge, browserVersion: 116.0.1938.62, fedcm:accounts: true, ms:edgeOptions: {debuggerAddress: localhost:53192}, msedge: {msedgedriverVersion: 116.0.1938.69 (62ef76ea75c4..., userDataDir: C:\Users\lenovo\AppData\Loc...}, networkConnectionEnabled: false, pageLoadStrategy: normal, platformName: windows, proxy: Proxy(), se:cdp: ws://localhost:53192/devtoo..., se:cdpVersion: 116.0.1938.62, setWindowRect: true, strictFileInteractability: false, timeouts: {implicit: 0, pageLoad: 300000, script: 30000}, unhandledPromptBehavior: dismiss and notify, webauthn:extension:credBlob: true, webauthn:extension:largeBlob: true, webauthn:extension:minPinLength: true, webauthn:extension:prf: true, webauthn:virtualAuthenticators: true}
Element: [[EdgeDriver: msedge on windows (f48fd24a4c87666a2129b1c2b831949b)] -> xpath: //*[@id="Header__Wrapper"]/div[4]/nav/ul/li[1]/div[2]/ul/li[3]/a]
Session ID: f48fd24a4c87666a2129b1c2b831949b
at org.openqa.selenium.remote.codec.w3c.W3CHttpResponseCodec.createException(W3CHttpResponseCodec.java:199)
at org.openqa.selenium.remote.codec.w3c.W3CHttpResponseCodec.decode(W3CHttpResponseCodec.java:132)
at org.openqa.selenium.remote.codec.w3c.W3CHttpResponseCodec.decode(W3CHttpResponseCodec.java:51)
at org.openqa.selenium.remote.HttpCommandExecutor.execute(HttpCommandExecutor.java:191)
at org.openqa.selenium.remote.service.DriverCommandExecutor.invokeExecute(DriverCommandExecutor.java:196)
at org.openqa.selenium.remote.service.DriverCommandExecutor.execute(DriverCommandExecutor.java:171)
at org.openqa.selenium.remote.RemoteWebDriver.execute(RemoteWebDriver.java:531)
at org.openqa.selenium.remote.RemoteWebElement.execute(RemoteWebElement.java:242)
at org.openqa.selenium.remote.RemoteWebElement.click(RemoteWebElement.java:77)
at org.openqa.selenium.support.pagefactory.internal.LocatingElementHandler.invoke(LocatingElementHandler.java:51)
at jdk.proxy2/jdk.proxy2.$Proxy15.click(Unknown Source)
at pagepackage.deygalogin.hamburgrClick(deygalogin.java:22)
at testpackage.deygalogintest.login(deygalogintest.java:13)
at java.base/java.util.ArrayList.forEach(ArrayList.java:1511)
... Removed 36 stack frames]]>
    </failure>
  </testcase> <!-- login -->
</testsuite> <!-- Test -->
